<?xml version="1.0" encoding="UTF-8"?>
<!-- Generated by org.testng.reporters.JUnitReportReporter -->
<testsuite hostname="Palash" failures="0" tests="14" name="testscripts.ValidateLoginTest" time="68.707" errors="0" timestamp="2023-03-25T12:31:35 IST" skipped="0">
  <testcase classname="testscripts.ValidateLoginTest" name="validateUserIsAbleToAccessUrlAndLandsOnTheLoginPage" time="3.896"/>
  <system-out/>
  <testcase classname="testscripts.ValidateLoginTest" name="validateLoginWithoutPassword" time="3.512"/>
  <system-out/>
  <testcase classname="testscripts.ValidateLoginTest" name="validateLoginWithoutUsername" time="3.841"/>
  <system-out/>
  <testcase classname="testscripts.ValidateLoginTest" name="validateLoginWithWhiteSpaces" time="5.272"/>
  <system-out/>
  <testcase classname="testscripts.ValidateLoginTest" name="validateLoginPageLogoVisibility" time="3.460"/>
  <system-out/>
  <testcase classname="testscripts.ValidateLoginTest" name="validatePlaceholderIsVisible" time="3.241"/>
  <system-out/>
  <testcase classname="testscripts.ValidateLoginTest" name="validateLoginWithoutUsernameAndPassword" time="4.521"/>
  <system-out/>
  <testcase classname="testscripts.ValidateLoginTest" name="validateUsernameAndPasswordIcon" time="3.855"/>
  <system-out/>
  <testcase classname="testscripts.ValidateLoginTest" name="validateSocialMediaLoginIcons" time="4.248"/>
  <system-out/>
  <testcase classname="testscripts.ValidateLoginTest" name="validateUsernameAndPasswordFieldEnabled" time="3.780"/>
  <system-out/>
  <testcase classname="testscripts.ValidateLoginTest" name="validateLogin" time="8.299"/>
  <system-out/>
  <testcase classname="testscripts.ValidateLoginTest" name="validateAmountListSorted" time="12.540"/>
  <system-out/>
  <testcase classname="testscripts.ValidateLoginTest" name="validateRememberMeFunctionality" time="5.060"/>
  <system-out/>
  <testcase classname="testscripts.ValidateLoginTest" name="validateTabAndEnterBtnWorking" time="3.182"/>
  <system-out/>
</testsuite> <!-- testscripts.ValidateLoginTest -->
